<?xml version="1.0" encoding="UTF-8"?>
<!-- Generated by org.testng.reporters.JUnitXMLReporter -->
<testsuite ignored="0" hostname="AsusM" failures="1" tests="1" name="Test1" time="32.163" errors="0" timestamp="2022-11-14T02:04:54 EST">
  <testcase classname="TestNGPackages.HomeDepotTestNG" name="HomeDepotSignUPTest" time="15.363">
    <failure type="org.openqa.selenium.ElementClickInterceptedException" message="element click intercepted: Element &amp;lt;input class=&amp;quot;checkbox-btn__input&amp;quot; type=&amp;quot;checkbox&amp;quot; id=&amp;quot;kmsi-checkbox&amp;quot; name=&amp;quot;kmsi-checkbox&amp;quot;&amp;gt; is not clickable at point (574, 537). Other element would receive the click: &amp;lt;label for=&amp;quot;kmsi-checkbox&amp;quot; class=&amp;quot;checkbox-btn__label-test u__text-align--left&amp;quot;&amp;gt;...&amp;lt;/label&amp;gt;
  (Session info: chrome=107.0.5304.107)
Build info: version: &amp;apos;4.5.1&amp;apos;, revision: &amp;apos;fcc4df1bc9c&amp;apos;
System info: os.name: &amp;apos;Windows 10&amp;apos;, os.arch: &amp;apos;amd64&amp;apos;, os.version: &amp;apos;10.0&amp;apos;, java.version: &amp;apos;16.0.2&amp;apos;
Driver info: org.openqa.selenium.chrome.ChromeDriver
Command: [0fdecc81e5f3103a18567c88618d742d, clickElement {id=949e3131-c99e-4c8d-b5bc-a76ce0d5ba96}]
Capabilities {acceptInsecureCerts: false, browserName: chrome, browserVersion: 107.0.5304.107, chrome: {chromedriverVersion: 106.0.5249.61 (511755355844..., userDataDir: C:\Users\ASUS\AppData\Local...}, goog:chromeOptions: {debuggerAddress: localhost:5775}, networkConnectionEnabled: false, pageLoadStrategy: normal, platformName: WINDOWS, proxy: Proxy(), se:cdp: ws://localhost:5775/devtool..., se:cdpVersion: 107.0.5304.107, setWindowRect: true, strictFileInteractability: false, timeouts: {implicit: 0, pageLoad: 300000, script: 30000}, unhandledPromptBehavior: dismiss and notify, webauthn:extension:credBlob: true, webauthn:extension:largeBlob: true, webauthn:virtualAuthenticators: true}
Element: [[ChromeDriver: chrome on WINDOWS (0fdecc81e5f3103a18567c88618d742d)] -&amp;gt; xpath: //input[@id=&amp;apos;kmsi-checkbox&amp;apos;]]
Session ID: 0fdecc81e5f3103a18567c88618d742d">
      <![CDATA[org.openqa.selenium.ElementClickInterceptedException: element click intercepted: Element <input class="checkbox-btn__input" type="checkbox" id="kmsi-checkbox" name="kmsi-checkbox"> is not clickable at point (574, 537). Other element would receive the click: <label for="kmsi-checkbox" class="checkbox-btn__label-test u__text-align--left">...</label>
  (Session info: chrome=107.0.5304.107)
Build info: version: '4.5.1', revision: 'fcc4df1bc9c'
System info: os.name: 'Windows 10', os.arch: 'amd64', os.version: '10.0', java.version: '16.0.2'
Driver info: org.openqa.selenium.chrome.ChromeDriver
Command: [0fdecc81e5f3103a18567c88618d742d, clickElement {id=949e3131-c99e-4c8d-b5bc-a76ce0d5ba96}]
Capabilities {acceptInsecureCerts: false, browserName: chrome, browserVersion: 107.0.5304.107, chrome: {chromedriverVersion: 106.0.5249.61 (511755355844..., userDataDir: C:\Users\ASUS\AppData\Local...}, goog:chromeOptions: {debuggerAddress: localhost:5775}, networkConnectionEnabled: false, pageLoadStrategy: normal, platformName: WINDOWS, proxy: Proxy(), se:cdp: ws://localhost:5775/devtool..., se:cdpVersion: 107.0.5304.107, setWindowRect: true, strictFileInteractability: false, timeouts: {implicit: 0, pageLoad: 300000, script: 30000}, unhandledPromptBehavior: dismiss and notify, webauthn:extension:credBlob: true, webauthn:extension:largeBlob: true, webauthn:virtualAuthenticators: true}
Element: [[ChromeDriver: chrome on WINDOWS (0fdecc81e5f3103a18567c88618d742d)] -> xpath: //input[@id='kmsi-checkbox']]
Session ID: 0fdecc81e5f3103a18567c88618d742d
at org.openqa.selenium.remote.codec.w3c.W3CHttpResponseCodec.createException(W3CHttpResponseCodec.java:200)
at org.openqa.selenium.remote.codec.w3c.W3CHttpResponseCodec.decode(W3CHttpResponseCodec.java:133)
at org.openqa.selenium.remote.codec.w3c.W3CHttpResponseCodec.decode(W3CHttpResponseCodec.java:53)
at org.openqa.selenium.remote.HttpCommandExecutor.execute(HttpCommandExecutor.java:184)
at org.openqa.selenium.remote.service.DriverCommandExecutor.invokeExecute(DriverCommandExecutor.java:167)
at org.openqa.selenium.remote.service.DriverCommandExecutor.execute(DriverCommandExecutor.java:142)
at org.openqa.selenium.remote.RemoteWebDriver.execute(RemoteWebDriver.java:541)
at org.openqa.selenium.remote.RemoteWebElement.execute(RemoteWebElement.java:257)
at org.openqa.selenium.remote.RemoteWebElement.click(RemoteWebElement.java:78)
at org.openqa.selenium.support.pagefactory.internal.LocatingElementHandler.invoke(LocatingElementHandler.java:52)
at jdk.proxy2/jdk.proxy2.$Proxy17.click(Unknown Source)
at HomeDepot_POM.CreateAnAccount_Page.keepmeSignedin_Checkbox_Click(CreateAnAccount_Page.java:46)
at TestNGPackages.HomeDepotTestNG.HomeDepotSignUPTest(HomeDepotTestNG.java:30)
at java.base/java.util.ArrayList.forEach(ArrayList.java:1511)
... Removed 36 stack frames]]>
    </failure>
  </testcase> <!-- HomeDepotSignUPTest -->
</testsuite> <!-- Test1 -->
