<?xml version="1.0" encoding="UTF-8"?>
<testng-results ignored="0" total="1" passed="1" failed="0" skipped="0">
  <reporter-output>
  </reporter-output>
  <suite started-at="2022-11-14T04:05:50 EST" name="Default suite" finished-at="2022-11-14T04:05:55 EST" duration-ms="4860">
    <groups>
    </groups>
    <test started-at="2022-11-14T04:05:50 EST" name="Default test" finished-at="2022-11-14T04:05:55 EST" duration-ms="4860">
      <class name="RestAssured_Tasks.PostMethod">
        <test-method signature="f()[pri:0, instance:RestAssured_Tasks.PostMethod@957e06]" started-at="2022-11-14T04:05:50 EST" name="f" finished-at="2022-11-14T04:05:55 EST" duration-ms="4733" status="PASS">
          <reporter-output>
          </reporter-output>
        </test-method> <!-- f -->
      </class> <!-- RestAssured_Tasks.PostMethod -->
    </test> <!-- Default test -->
  </suite> <!-- Default suite -->
</testng-results>
